[2025-03-18T20:01:32.508Z] [regenerate-image-processor] [info]: Regenerating image for job: 67d9cfabf812280297eb1bc4, index: 0
[2025-03-18T20:01:33.025Z] [regenerate-image-processor] [info]: Regenerated image at index 0 for job: 67d9cfabf812280297eb1bc4
[2025-03-18T20:07:46.885Z] [regenerate-image-processor] [info]: Regenerating image for job: 67d9d2027993b4ea61d53481, index: 7
[2025-03-18T20:07:47.515Z] [regenerate-image-processor] [info]: Regenerated image at index 7 for job: 67d9d2027993b4ea61d53481
[2025-03-18T20:10:38.275Z] [regenerate-image-processor] [info]: Regenerating image for job: 67d9d2027993b4ea61d53481, index: 0
[2025-03-18T20:10:39.784Z] [regenerate-image-processor] [info]: Regenerated image at index 0 for job: 67d9d2027993b4ea61d53481
[2025-03-18T20:12:11.039Z] [regenerate-image-processor] [info]: Regenerating image for job: 67d9d24c7993b4ea61d5349f, index: 0
[2025-03-18T20:12:11.705Z] [regenerate-image-processor] [info]: Regenerated image at index 0 for job: 67d9d24c7993b4ea61d5349f
[2025-03-18T20:13:57.209Z] [regenerate-image-processor] [info]: Regenerating image for job: 67d9d24c7993b4ea61d5349f, index: 0
[2025-03-18T20:13:57.829Z] [regenerate-image-processor] [info]: Regenerated image at index 0 for job: 67d9d24c7993b4ea61d5349f
[2025-03-18T20:14:34.690Z] [regenerate-image-processor] [info]: Regenerating image for job: 67d9d24c7993b4ea61d5349f, index: 0
[2025-03-18T20:14:34.700Z] [regenerate-image-processor] [info]: Set job 67d9d24c7993b4ea61d5349f status to GENERATING_ASSETS for image regeneration
[2025-03-18T20:14:39.797Z] [regenerate-image-processor] [info]: Regenerated image at index 0 for job: 67d9d24c7993b4ea61d5349f
[2025-03-18T20:14:39.807Z] [regenerate-image-processor] [info]: Marked image worker as completed for job: 67d9d24c7993b4ea61d5349f
[2025-03-18T20:14:58.411Z] [regenerate-image-processor] [info]: Regenerating image for job: 67d9d24c7993b4ea61d5349f, index: all
[2025-03-18T20:14:58.419Z] [regenerate-image-processor] [info]: Set job 67d9d24c7993b4ea61d5349f status to GENERATING_ASSETS for image regeneration
[2025-03-18T20:16:15.325Z] [regenerate-image-processor] [info]: Regenerated all 10 images for job: 67d9d24c7993b4ea61d5349f
[2025-03-18T20:16:15.331Z] [regenerate-image-processor] [info]: Marked image worker as completed for job: 67d9d24c7993b4ea61d5349f
[2025-03-18T20:21:18.892Z] [regenerate-image-processor] [info]: Regenerating image for job: 67d9d24c7993b4ea61d5349f, index: 0
[2025-03-18T20:21:18.901Z] [regenerate-image-processor] [info]: Set job 67d9d24c7993b4ea61d5349f status to GENERATING_ASSETS for image regeneration
[2025-03-18T20:21:27.269Z] [regenerate-image-processor] [info]: Regenerated image at index 0 for job: 67d9d24c7993b4ea61d5349f
[2025-03-18T20:21:27.282Z] [regenerate-image-processor] [info]: Marked image worker as completed for job: 67d9d24c7993b4ea61d5349f
[2025-03-18T20:22:08.555Z] [regenerate-image-processor] [info]: Regenerating image for job: 67d9d17934cfbbf9f9fd04cc, index: 0
[2025-03-18T20:22:08.562Z] [regenerate-image-processor] [info]: Set job 67d9d17934cfbbf9f9fd04cc status to GENERATING_ASSETS for image regeneration
[2025-03-18T20:22:11.834Z] [regenerate-image-processor] [info]: Regenerated image at index 0 for job: 67d9d17934cfbbf9f9fd04cc
[2025-03-18T20:22:11.843Z] [regenerate-image-processor] [info]: Marked image worker as completed for job: 67d9d17934cfbbf9f9fd04cc
[2025-03-18T20:22:13.321Z] [regenerate-image-processor] [info]: Regenerating image for job: 67d9d17934cfbbf9f9fd04cc, index: 1
[2025-03-18T20:22:13.331Z] [regenerate-image-processor] [info]: Set job 67d9d17934cfbbf9f9fd04cc status to GENERATING_ASSETS for image regeneration
[2025-03-18T20:22:16.946Z] [regenerate-image-processor] [info]: Regenerated image at index 1 for job: 67d9d17934cfbbf9f9fd04cc
[2025-03-18T20:22:16.952Z] [regenerate-image-processor] [info]: Marked image worker as completed for job: 67d9d17934cfbbf9f9fd04cc
[2025-03-18T20:22:23.340Z] [regenerate-image-processor] [info]: Regenerating image for job: 67d9d17934cfbbf9f9fd04cc, index: 3
[2025-03-18T20:22:23.347Z] [regenerate-image-processor] [info]: Set job 67d9d17934cfbbf9f9fd04cc status to GENERATING_ASSETS for image regeneration
[2025-03-18T20:22:27.943Z] [regenerate-image-processor] [info]: Regenerated image at index 3 for job: 67d9d17934cfbbf9f9fd04cc
[2025-03-18T20:22:27.947Z] [regenerate-image-processor] [info]: Marked image worker as completed for job: 67d9d17934cfbbf9f9fd04cc
[2025-03-18T20:22:29.724Z] [regenerate-image-processor] [info]: Regenerating image for job: 67d9d17934cfbbf9f9fd04cc, index: 4
[2025-03-18T20:22:29.732Z] [regenerate-image-processor] [info]: Set job 67d9d17934cfbbf9f9fd04cc status to GENERATING_ASSETS for image regeneration
[2025-03-18T20:22:32.850Z] [regenerate-image-processor] [info]: Regenerated image at index 4 for job: 67d9d17934cfbbf9f9fd04cc
[2025-03-18T20:22:32.855Z] [regenerate-image-processor] [info]: Marked image worker as completed for job: 67d9d17934cfbbf9f9fd04cc
[2025-03-18T20:22:36.430Z] [regenerate-image-processor] [info]: Regenerating image for job: 67d9d17934cfbbf9f9fd04cc, index: 2
[2025-03-18T20:22:36.436Z] [regenerate-image-processor] [info]: Set job 67d9d17934cfbbf9f9fd04cc status to GENERATING_ASSETS for image regeneration
[2025-03-18T20:22:39.882Z] [regenerate-image-processor] [info]: Regenerated image at index 2 for job: 67d9d17934cfbbf9f9fd04cc
[2025-03-18T20:22:39.885Z] [regenerate-image-processor] [info]: Marked image worker as completed for job: 67d9d17934cfbbf9f9fd04cc
[2025-03-19T12:10:30.098Z] [regenerate-image-processor] [info]: Regenerating image for job: 67d9d17934cfbbf9f9fd04cc, index: 0
[2025-03-19T12:10:30.109Z] [regenerate-image-processor] [info]: Set job 67d9d17934cfbbf9f9fd04cc status to GENERATING_ASSETS for image regeneration
[2025-03-19T12:10:33.404Z] [regenerate-image-processor] [info]: Regenerated image at index 0 for job: 67d9d17934cfbbf9f9fd04cc
[2025-03-19T12:10:33.417Z] [regenerate-image-processor] [info]: Marked image worker as completed for job: 67d9d17934cfbbf9f9fd04cc
[2025-03-19T13:53:20.170Z] [regenerate-image-processor] [info]: Regenerating image for job: 67dacb097ca9a97b132031a4, index: all
[2025-03-19T13:53:20.181Z] [regenerate-image-processor] [info]: Set job 67dacb097ca9a97b132031a4 status to GENERATING_ASSETS for image regeneration
[2025-03-19T13:54:34.880Z] [regenerate-image-processor] [info]: Regenerated all 10 images for job: 67dacb097ca9a97b132031a4
[2025-03-19T13:54:34.898Z] [regenerate-image-processor] [info]: Marked image worker as completed for job: 67dacb097ca9a97b132031a4
[2025-03-19T13:59:49.116Z] [regenerate-image-processor] [info]: Regenerating image for job: 67dacb097ca9a97b132031a4, index: all
[2025-03-19T13:59:49.127Z] [regenerate-image-processor] [info]: Set job 67dacb097ca9a97b132031a4 status to GENERATING_ASSETS for image regeneration
[2025-03-19T14:01:02.945Z] [regenerate-image-processor] [info]: Regenerated all 10 images for job: 67dacb097ca9a97b132031a4
[2025-03-19T14:01:02.963Z] [regenerate-image-processor] [info]: Marked image worker as completed for job: 67dacb097ca9a97b132031a4
[2025-03-19T14:01:22.869Z] [regenerate-image-processor] [info]: Regenerating image for job: 67dacb097ca9a97b132031a4, index: all
[2025-03-19T14:01:22.878Z] [regenerate-image-processor] [info]: Set job 67dacb097ca9a97b132031a4 status to GENERATING_ASSETS for image regeneration
[2025-03-19T14:02:47.884Z] [regenerate-image-processor] [info]: Regenerating image for job: 67dacb097ca9a97b132031a4, index: all
[2025-03-19T14:02:47.908Z] [regenerate-image-processor] [info]: Set job 67dacb097ca9a97b132031a4 status to GENERATING_ASSETS for image regeneration
[2025-03-19T14:15:44.832Z] [regenerate-image-processor] [info]: Regenerating image for job: 67dad024be384bbec08813b1, index: all
[2025-03-19T14:15:44.840Z] [regenerate-image-processor] [info]: Set job 67dad024be384bbec08813b1 status to GENERATING_ASSETS for image regeneration
[2025-03-19T14:17:24.748Z] [regenerate-image-processor] [info]: Regenerated all 10 images for job: 67dad024be384bbec08813b1
[2025-03-19T14:17:24.756Z] [regenerate-image-processor] [info]: Marked image worker as completed for job: 67dad024be384bbec08813b1
[2025-03-19T14:18:32.110Z] [regenerate-image-processor] [info]: Regenerating image for job: 67dad024be384bbec08813b1, index: 1
[2025-03-19T14:18:32.117Z] [regenerate-image-processor] [info]: Set job 67dad024be384bbec08813b1 status to GENERATING_ASSETS for image regeneration
[2025-03-19T14:18:39.294Z] [regenerate-image-processor] [info]: Regenerated image at index 1 for job: 67dad024be384bbec08813b1
[2025-03-19T14:18:39.302Z] [regenerate-image-processor] [info]: Marked image worker as completed for job: 67dad024be384bbec08813b1
[2025-03-19T14:19:00.100Z] [regenerate-image-processor] [info]: Regenerating image for job: 67dad024be384bbec08813b1, index: 3
[2025-03-19T14:19:00.108Z] [regenerate-image-processor] [info]: Set job 67dad024be384bbec08813b1 status to GENERATING_ASSETS for image regeneration
[2025-03-19T14:19:07.655Z] [regenerate-image-processor] [info]: Regenerated image at index 3 for job: 67dad024be384bbec08813b1
[2025-03-19T14:19:07.659Z] [regenerate-image-processor] [info]: Marked image worker as completed for job: 67dad024be384bbec08813b1
[2025-03-19T14:22:29.628Z] [regenerate-image-processor] [info]: Regenerating image for job: 67dad024be384bbec08813b1, index: 0
[2025-03-19T14:22:29.642Z] [regenerate-image-processor] [info]: Set job 67dad024be384bbec08813b1 status to GENERATING_ASSETS for image regeneration
[2025-03-19T14:22:52.623Z] [regenerate-image-processor] [info]: Regenerated image at index 0 for job: 67dad024be384bbec08813b1
[2025-03-19T14:22:52.635Z] [regenerate-image-processor] [info]: Marked image worker as completed for job: 67dad024be384bbec08813b1
[2025-03-19T14:23:37.114Z] [regenerate-image-processor] [info]: Regenerating image for job: 67dad024be384bbec08813b1, index: 0
[2025-03-19T14:23:37.123Z] [regenerate-image-processor] [info]: Set job 67dad024be384bbec08813b1 status to GENERATING_ASSETS for image regeneration
[2025-03-19T14:23:45.529Z] [regenerate-image-processor] [info]: Regenerated image at index 0 for job: 67dad024be384bbec08813b1
[2025-03-19T14:23:45.538Z] [regenerate-image-processor] [info]: Marked image worker as completed for job: 67dad024be384bbec08813b1
[2025-03-19T14:25:29.296Z] [regenerate-image-processor] [info]: Regenerating image for job: 67dad024be384bbec08813b1, index: 1
[2025-03-19T14:25:29.310Z] [regenerate-image-processor] [info]: Set job 67dad024be384bbec08813b1 status to GENERATING_ASSETS for image regeneration
[2025-03-19T14:25:35.386Z] [regenerate-image-processor] [info]: Regenerated image at index 1 for job: 67dad024be384bbec08813b1
[2025-03-19T14:25:35.398Z] [regenerate-image-processor] [info]: Marked image worker as completed for job: 67dad024be384bbec08813b1
[2025-03-19T14:25:45.712Z] [regenerate-image-processor] [info]: Regenerating image for job: 67dad024be384bbec08813b1, index: 2
[2025-03-19T14:25:45.722Z] [regenerate-image-processor] [info]: Set job 67dad024be384bbec08813b1 status to GENERATING_ASSETS for image regeneration
[2025-03-19T14:25:53.348Z] [regenerate-image-processor] [info]: Regenerated image at index 2 for job: 67dad024be384bbec08813b1
[2025-03-19T14:25:53.353Z] [regenerate-image-processor] [info]: Marked image worker as completed for job: 67dad024be384bbec08813b1
[2025-03-19T14:26:14.888Z] [regenerate-image-processor] [info]: Regenerating image for job: 67dad024be384bbec08813b1, index: 4
[2025-03-19T14:26:14.897Z] [regenerate-image-processor] [info]: Set job 67dad024be384bbec08813b1 status to GENERATING_ASSETS for image regeneration
[2025-03-19T14:26:22.980Z] [regenerate-image-processor] [info]: Regenerated image at index 4 for job: 67dad024be384bbec08813b1
[2025-03-19T14:26:22.987Z] [regenerate-image-processor] [info]: Marked image worker as completed for job: 67dad024be384bbec08813b1
[2025-03-19T14:26:31.483Z] [regenerate-image-processor] [info]: Regenerating image for job: 67dad024be384bbec08813b1, index: 7
[2025-03-19T14:26:31.490Z] [regenerate-image-processor] [info]: Set job 67dad024be384bbec08813b1 status to GENERATING_ASSETS for image regeneration
[2025-03-19T14:26:38.376Z] [regenerate-image-processor] [info]: Regenerated image at index 7 for job: 67dad024be384bbec08813b1
[2025-03-19T14:26:38.381Z] [regenerate-image-processor] [info]: Marked image worker as completed for job: 67dad024be384bbec08813b1
[2025-03-19T14:26:39.128Z] [regenerate-image-processor] [info]: Regenerating image for job: 67dad024be384bbec08813b1, index: 8
[2025-03-19T14:26:39.135Z] [regenerate-image-processor] [info]: Set job 67dad024be384bbec08813b1 status to GENERATING_ASSETS for image regeneration
[2025-03-19T14:26:45.532Z] [regenerate-image-processor] [info]: Regenerated image at index 8 for job: 67dad024be384bbec08813b1
[2025-03-19T14:26:45.538Z] [regenerate-image-processor] [info]: Marked image worker as completed for job: 67dad024be384bbec08813b1
[2025-03-19T14:26:51.890Z] [regenerate-image-processor] [info]: Regenerating image for job: 67dad024be384bbec08813b1, index: 9
[2025-03-19T14:26:51.899Z] [regenerate-image-processor] [info]: Set job 67dad024be384bbec08813b1 status to GENERATING_ASSETS for image regeneration
[2025-03-19T14:26:58.954Z] [regenerate-image-processor] [info]: Regenerated image at index 9 for job: 67dad024be384bbec08813b1
[2025-03-19T14:26:58.958Z] [regenerate-image-processor] [info]: Marked image worker as completed for job: 67dad024be384bbec08813b1
[2025-03-19T14:27:53.125Z] [regenerate-image-processor] [info]: Regenerating image for job: 67dad024be384bbec08813b1, index: 8
[2025-03-19T14:27:53.133Z] [regenerate-image-processor] [info]: Set job 67dad024be384bbec08813b1 status to GENERATING_ASSETS for image regeneration
[2025-03-19T14:28:00.705Z] [regenerate-image-processor] [info]: Regenerated image at index 8 for job: 67dad024be384bbec08813b1
[2025-03-19T14:28:00.710Z] [regenerate-image-processor] [info]: Marked image worker as completed for job: 67dad024be384bbec08813b1
[2025-03-19T14:28:22.996Z] [regenerate-image-processor] [info]: Regenerating image for job: 67dad024be384bbec08813b1, index: 4
[2025-03-19T14:28:23.011Z] [regenerate-image-processor] [info]: Set job 67dad024be384bbec08813b1 status to GENERATING_ASSETS for image regeneration
[2025-03-19T14:28:28.692Z] [regenerate-image-processor] [info]: Regenerated image at index 4 for job: 67dad024be384bbec08813b1
[2025-03-19T14:28:28.698Z] [regenerate-image-processor] [info]: Marked image worker as completed for job: 67dad024be384bbec08813b1
[2025-03-19T14:28:31.277Z] [regenerate-image-processor] [info]: Regenerating image for job: 67dad024be384bbec08813b1, index: 7
[2025-03-19T14:28:31.285Z] [regenerate-image-processor] [info]: Set job 67dad024be384bbec08813b1 status to GENERATING_ASSETS for image regeneration
[2025-03-19T14:28:38.565Z] [regenerate-image-processor] [info]: Regenerated image at index 7 for job: 67dad024be384bbec08813b1
[2025-03-19T14:28:38.570Z] [regenerate-image-processor] [info]: Marked image worker as completed for job: 67dad024be384bbec08813b1
[2025-03-19T14:29:16.215Z] [regenerate-image-processor] [info]: Regenerating image for job: 67dad024be384bbec08813b1, index: 7
[2025-03-19T14:29:16.225Z] [regenerate-image-processor] [info]: Set job 67dad024be384bbec08813b1 status to GENERATING_ASSETS for image regeneration
[2025-03-19T14:29:40.549Z] [regenerate-image-processor] [info]: Regenerated image at index 7 for job: 67dad024be384bbec08813b1
[2025-03-19T14:29:40.554Z] [regenerate-image-processor] [info]: Marked image worker as completed for job: 67dad024be384bbec08813b1
[2025-03-19T14:29:57.958Z] [regenerate-image-processor] [info]: Regenerating image for job: 67dad024be384bbec08813b1, index: 7
[2025-03-19T14:29:57.964Z] [regenerate-image-processor] [info]: Set job 67dad024be384bbec08813b1 status to GENERATING_ASSETS for image regeneration
[2025-03-19T14:30:09.555Z] [regenerate-image-processor] [info]: Regenerated image at index 7 for job: 67dad024be384bbec08813b1
[2025-03-19T14:30:09.560Z] [regenerate-image-processor] [info]: Marked image worker as completed for job: 67dad024be384bbec08813b1
[2025-03-19T14:33:40.547Z] [regenerate-image-processor] [info]: Regenerating image for job: 67dad024be384bbec08813b1, index: 7
[2025-03-19T14:33:40.558Z] [regenerate-image-processor] [info]: Set job 67dad024be384bbec08813b1 status to GENERATING_ASSETS for image regeneration
[2025-03-19T14:34:04.196Z] [regenerate-image-processor] [info]: Regenerated image at index 7 for job: 67dad024be384bbec08813b1
[2025-03-19T14:34:04.209Z] [regenerate-image-processor] [info]: Marked image worker as completed for job: 67dad024be384bbec08813b1
[2025-03-19T16:27:44.305Z] [regenerate-image-processor] [info]: Regenerating image for job: 67dad7f4bafc03c132e58280, index: 0
[2025-03-19T16:27:44.316Z] [regenerate-image-processor] [info]: Set job 67dad7f4bafc03c132e58280 status to GENERATING_ASSETS for image regeneration
[2025-03-19T16:27:52.825Z] [regenerate-image-processor] [info]: Regenerated image at index 0 for job: 67dad7f4bafc03c132e58280
[2025-03-19T16:27:52.838Z] [regenerate-image-processor] [info]: Marked image worker as completed for job: 67dad7f4bafc03c132e58280
[2025-03-19T16:28:09.005Z] [regenerate-image-processor] [info]: Regenerating image for job: 67dad7f4bafc03c132e58280, index: 0
[2025-03-19T16:28:09.014Z] [regenerate-image-processor] [info]: Set job 67dad7f4bafc03c132e58280 status to GENERATING_ASSETS for image regeneration
[2025-03-19T16:28:15.312Z] [regenerate-image-processor] [info]: Regenerated image at index 0 for job: 67dad7f4bafc03c132e58280
[2025-03-19T16:28:15.320Z] [regenerate-image-processor] [info]: Marked image worker as completed for job: 67dad7f4bafc03c132e58280
[2025-03-19T16:28:16.245Z] [regenerate-image-processor] [info]: Regenerating image for job: 67dad7f4bafc03c132e58280, index: 2
[2025-03-19T16:28:16.254Z] [regenerate-image-processor] [info]: Set job 67dad7f4bafc03c132e58280 status to GENERATING_ASSETS for image regeneration
[2025-03-19T16:28:24.174Z] [regenerate-image-processor] [info]: Regenerated image at index 2 for job: 67dad7f4bafc03c132e58280
[2025-03-19T16:28:24.181Z] [regenerate-image-processor] [info]: Marked image worker as completed for job: 67dad7f4bafc03c132e58280
[2025-03-19T16:28:24.956Z] [regenerate-image-processor] [info]: Regenerating image for job: 67dad7f4bafc03c132e58280, index: 5
[2025-03-19T16:28:24.964Z] [regenerate-image-processor] [info]: Set job 67dad7f4bafc03c132e58280 status to GENERATING_ASSETS for image regeneration
[2025-03-19T16:28:33.342Z] [regenerate-image-processor] [info]: Regenerated image at index 5 for job: 67dad7f4bafc03c132e58280
[2025-03-19T16:28:33.348Z] [regenerate-image-processor] [info]: Marked image worker as completed for job: 67dad7f4bafc03c132e58280
[2025-03-19T16:28:34.020Z] [regenerate-image-processor] [info]: Regenerating image for job: 67dad7f4bafc03c132e58280, index: 7
[2025-03-19T16:28:34.029Z] [regenerate-image-processor] [info]: Set job 67dad7f4bafc03c132e58280 status to GENERATING_ASSETS for image regeneration
[2025-03-19T16:28:44.334Z] [regenerate-image-processor] [info]: Regenerated image at index 7 for job: 67dad7f4bafc03c132e58280
[2025-03-19T16:28:44.340Z] [regenerate-image-processor] [info]: Marked image worker as completed for job: 67dad7f4bafc03c132e58280
[2025-03-19T16:29:02.162Z] [regenerate-image-processor] [info]: Regenerating image for job: 67dad7f4bafc03c132e58280, index: 2
[2025-03-19T16:29:02.171Z] [regenerate-image-processor] [info]: Set job 67dad7f4bafc03c132e58280 status to GENERATING_ASSETS for image regeneration
[2025-03-19T16:29:08.487Z] [regenerate-image-processor] [info]: Regenerated image at index 2 for job: 67dad7f4bafc03c132e58280
[2025-03-19T16:29:08.492Z] [regenerate-image-processor] [info]: Marked image worker as completed for job: 67dad7f4bafc03c132e58280
[2025-03-19T16:29:22.621Z] [regenerate-image-processor] [info]: Regenerating image for job: 67dad7f4bafc03c132e58280, index: 2
[2025-03-19T16:29:22.624Z] [regenerate-image-processor] [info]: Set job 67dad7f4bafc03c132e58280 status to GENERATING_ASSETS for image regeneration
[2025-03-19T16:29:28.612Z] [regenerate-image-processor] [info]: Regenerated image at index 2 for job: 67dad7f4bafc03c132e58280
[2025-03-19T16:29:28.617Z] [regenerate-image-processor] [info]: Marked image worker as completed for job: 67dad7f4bafc03c132e58280
[2025-03-19T16:29:46.028Z] [regenerate-image-processor] [info]: Regenerating image for job: 67dad7f4bafc03c132e58280, index: 3
[2025-03-19T16:29:46.036Z] [regenerate-image-processor] [info]: Set job 67dad7f4bafc03c132e58280 status to GENERATING_ASSETS for image regeneration
[2025-03-19T16:29:52.730Z] [regenerate-image-processor] [info]: Regenerated image at index 3 for job: 67dad7f4bafc03c132e58280
[2025-03-19T16:29:52.740Z] [regenerate-image-processor] [info]: Marked image worker as completed for job: 67dad7f4bafc03c132e58280
[2025-03-19T16:30:36.450Z] [regenerate-image-processor] [info]: Regenerating image for job: 67dad7f4bafc03c132e58280, index: 3
[2025-03-19T16:30:36.460Z] [regenerate-image-processor] [info]: Set job 67dad7f4bafc03c132e58280 status to GENERATING_ASSETS for image regeneration
[2025-03-19T16:30:50.043Z] [regenerate-image-processor] [info]: Regenerated image at index 3 for job: 67dad7f4bafc03c132e58280
[2025-03-19T16:30:50.049Z] [regenerate-image-processor] [info]: Marked image worker as completed for job: 67dad7f4bafc03c132e58280
[2025-03-19T16:31:53.284Z] [regenerate-image-processor] [info]: Regenerating image for job: 67dad7f4bafc03c132e58280, index: 4
[2025-03-19T16:31:53.291Z] [regenerate-image-processor] [info]: Set job 67dad7f4bafc03c132e58280 status to GENERATING_ASSETS for image regeneration
[2025-03-19T16:31:59.531Z] [regenerate-image-processor] [info]: Regenerated image at index 4 for job: 67dad7f4bafc03c132e58280
[2025-03-19T16:31:59.539Z] [regenerate-image-processor] [info]: Marked image worker as completed for job: 67dad7f4bafc03c132e58280
[2025-03-19T16:32:07.207Z] [regenerate-image-processor] [info]: Regenerating image for job: 67dad7f4bafc03c132e58280, index: 5
[2025-03-19T16:32:07.215Z] [regenerate-image-processor] [info]: Set job 67dad7f4bafc03c132e58280 status to GENERATING_ASSETS for image regeneration
[2025-03-19T16:32:15.680Z] [regenerate-image-processor] [info]: Regenerated image at index 5 for job: 67dad7f4bafc03c132e58280
[2025-03-19T16:32:15.683Z] [regenerate-image-processor] [info]: Marked image worker as completed for job: 67dad7f4bafc03c132e58280
[2025-03-19T16:32:22.227Z] [regenerate-image-processor] [info]: Regenerating image for job: 67dad7f4bafc03c132e58280, index: 5
[2025-03-19T16:32:22.234Z] [regenerate-image-processor] [info]: Set job 67dad7f4bafc03c132e58280 status to GENERATING_ASSETS for image regeneration
[2025-03-19T16:32:29.309Z] [regenerate-image-processor] [info]: Regenerated image at index 5 for job: 67dad7f4bafc03c132e58280
[2025-03-19T16:32:29.314Z] [regenerate-image-processor] [info]: Marked image worker as completed for job: 67dad7f4bafc03c132e58280
[2025-03-19T16:32:39.014Z] [regenerate-image-processor] [info]: Regenerating image for job: 67dad7f4bafc03c132e58280, index: 5
[2025-03-19T16:32:39.024Z] [regenerate-image-processor] [info]: Set job 67dad7f4bafc03c132e58280 status to GENERATING_ASSETS for image regeneration
[2025-03-19T16:32:46.108Z] [regenerate-image-processor] [info]: Regenerated image at index 5 for job: 67dad7f4bafc03c132e58280
[2025-03-19T16:32:46.113Z] [regenerate-image-processor] [info]: Marked image worker as completed for job: 67dad7f4bafc03c132e58280
[2025-03-19T16:32:53.197Z] [regenerate-image-processor] [info]: Regenerating image for job: 67dad7f4bafc03c132e58280, index: 5
[2025-03-19T16:32:53.207Z] [regenerate-image-processor] [info]: Set job 67dad7f4bafc03c132e58280 status to GENERATING_ASSETS for image regeneration
[2025-03-19T16:33:13.598Z] [regenerate-image-processor] [info]: Regenerated image at index 5 for job: 67dad7f4bafc03c132e58280
[2025-03-19T16:33:13.605Z] [regenerate-image-processor] [info]: Marked image worker as completed for job: 67dad7f4bafc03c132e58280
[2025-03-19T16:36:53.441Z] [regenerate-image-processor] [info]: Regenerating image for job: 67dad7f4bafc03c132e58280, index: 5
[2025-03-19T16:36:53.450Z] [regenerate-image-processor] [info]: Set job 67dad7f4bafc03c132e58280 status to GENERATING_ASSETS for image regeneration
[2025-03-19T16:37:21.117Z] [regenerate-image-processor] [info]: Regenerated image at index 5 for job: 67dad7f4bafc03c132e58280
[2025-03-19T16:37:21.123Z] [regenerate-image-processor] [info]: Marked image worker as completed for job: 67dad7f4bafc03c132e58280
